<?xml version="1.0" encoding="UTF-8"?>
<testng-results ignored="0" total="1" passed="1" failed="0" skipped="0">
  <reporter-output>
  </reporter-output>
  <suite started-at="2024-08-07T18:55:33 IST" name="Default suite" finished-at="2024-08-07T18:55:39 IST" duration-ms="5719">
    <groups>
    </groups>
    <test started-at="2024-08-07T18:55:33 IST" name="Default test" finished-at="2024-08-07T18:55:39 IST" duration-ms="5719">
      <class name="rok.qa.Testcases.Verify_logo_on_login_page_01">
        <test-method is-config="true" signature="setUp()[pri:0, instance:rok.qa.Testcases.Verify_logo_on_login_page_01@33c911a1]" started-at="2024-08-07T18:55:33 IST" name="setUp" finished-at="2024-08-07T18:55:33 IST" duration-ms="397" status="PASS">
          <reporter-output>
          </reporter-output>
        </test-method> <!-- setUp -->
        <test-method is-config="true" signature="setup()[pri:0, instance:rok.qa.Testcases.Verify_logo_on_login_page_01@33c911a1]" started-at="2024-08-07T18:55:33 IST" name="setup" finished-at="2024-08-07T18:55:35 IST" duration-ms="1921" status="PASS">
          <reporter-output>
          </reporter-output>
        </test-method> <!-- setup -->
        <test-method signature="VerfyLogo()[pri:0, instance:rok.qa.Testcases.Verify_logo_on_login_page_01@33c911a1]" started-at="2024-08-07T18:55:35 IST" name="VerfyLogo" finished-at="2024-08-07T18:55:38 IST" duration-ms="2779" status="PASS">
          <reporter-output>
          </reporter-output>
        </test-method> <!-- VerfyLogo -->
        <test-method is-config="true" signature="afterEachMethod(org.testng.ITestResult)[pri:0, instance:rok.qa.Testcases.Verify_logo_on_login_page_01@33c911a1]" started-at="2024-08-07T18:55:38 IST" name="afterEachMethod" finished-at="2024-08-07T18:55:38 IST" duration-ms="438" status="PASS">
          <params>
            <param index="0">
              <value>
                <![CDATA[[TestResult name=VerfyLogo status=SUCCESS method=Verify_logo_on_login_page_01.VerfyLogo()[pri:0, instance:rok.qa.Testcases.Verify_logo_on_login_page_01@33c911a1] output={null}]]]>
              </value>
            </param>
          </params>
          <reporter-output>
          </reporter-output>
        </test-method> <!-- afterEachMethod -->
        <test-method is-config="true" signature="tearDown()[pri:0, instance:rok.qa.Testcases.Verify_logo_on_login_page_01@33c911a1]" started-at="2024-08-07T18:55:38 IST" name="tearDown" finished-at="2024-08-07T18:55:39 IST" duration-ms="536" status="PASS">
          <reporter-output>
          </reporter-output>
        </test-method> <!-- tearDown -->
      </class> <!-- rok.qa.Testcases.Verify_logo_on_login_page_01 -->
    </test> <!-- Default test -->
  </suite> <!-- Default suite -->
</testng-results>
